10:49:06.383 INFO [main] org.lenskit.cli.Main: Starting LensKit 3.0-M1 on Java 1.8.0_131 from Oracle Corporation
10:49:06.426 DEBUG [main] org.lenskit.LenskitInfo: have 5573 active revisions
10:49:06.438 DEBUG [main] org.lenskit.cli.Main: Built from Git revision c0210fa3281ef8b15b0959bcd5fced43c5fec38a
10:49:06.438 DEBUG [main] org.lenskit.cli.Main: Using VM 'Java HotSpot(TM) 64-Bit Server VM' version 25.131-b11 from Oracle Corporation
10:49:06.438 INFO [main] org.lenskit.cli.Main: Have 8 processors and heap limit of 3641 MiB
10:49:06.457 INFO [main] org.lenskit.cli.util.RecommenderLoader: creating fresh recommender
10:49:06.924 INFO [main] org.lenskit.config.ConfigurationLoader: loading script from file:/Users/macbook/Documents/csci5123/CSCI5123_Recom_Sys/pa3_User-UserCollaborativeFiltering/uu-assignment/etc/user-user.groovy
10:49:07.826 DEBUG [main] org.lenskit.data.dao.file.TextEntitySource: loading source ratings with base URI file:/Users/macbook/Documents/csci5123/CSCI5123_Recom_Sys/pa3_User-UserCollaborativeFiltering/uu-assignment/data/movielens.yml
10:49:07.827 DEBUG [main] org.lenskit.data.dao.file.TextEntitySource: resolved file URI: file:/Users/macbook/Documents/csci5123/CSCI5123_Recom_Sys/pa3_User-UserCollaborativeFiltering/uu-assignment/data/ratings.csv
10:49:07.842 INFO [main] org.lenskit.data.dao.file.TextEntitySource: loading text file source ratings to read from file:/Users/macbook/Documents/csci5123/CSCI5123_Recom_Sys/pa3_User-UserCollaborativeFiltering/uu-assignment/data/ratings.csv
10:49:07.852 DEBUG [main] org.lenskit.data.dao.file.TextEntitySource: ratings: using delimiter ,
10:49:07.852 DEBUG [main] org.lenskit.data.dao.file.TextEntitySource: ratings: reading header
10:49:07.853 DEBUG [main] org.lenskit.data.dao.file.TextEntitySource: ratings: reading entities of type EntityType[rating]
10:49:07.935 DEBUG [main] org.lenskit.data.dao.file.TextEntitySource: class org.lenskit.data.ratings.RatingBuilder: using entity builder {}
10:49:07.936 DEBUG [main] org.lenskit.data.dao.file.TextEntitySource: loading source movies with base URI file:/Users/macbook/Documents/csci5123/CSCI5123_Recom_Sys/pa3_User-UserCollaborativeFiltering/uu-assignment/data/movielens.yml
10:49:07.936 DEBUG [main] org.lenskit.data.dao.file.TextEntitySource: resolved file URI: file:/Users/macbook/Documents/csci5123/CSCI5123_Recom_Sys/pa3_User-UserCollaborativeFiltering/uu-assignment/data/movies.csv
10:49:07.936 INFO [main] org.lenskit.data.dao.file.TextEntitySource: loading text file source movies to read from file:/Users/macbook/Documents/csci5123/CSCI5123_Recom_Sys/pa3_User-UserCollaborativeFiltering/uu-assignment/data/movies.csv
10:49:07.938 DEBUG [main] org.lenskit.data.dao.file.TextEntitySource: movies: using delimiter ,
10:49:07.938 DEBUG [main] org.lenskit.data.dao.file.TextEntitySource: movies: reading header
10:49:07.938 DEBUG [main] org.lenskit.data.dao.file.TextEntitySource: movies: reading entities of type EntityType[item]
10:49:07.938 DEBUG [main] org.lenskit.data.dao.file.TextEntitySource: class org.lenskit.data.entities.BasicEntityBuilder: using entity builder {}
10:49:07.938 DEBUG [main] org.lenskit.data.dao.file.TextEntitySource: loading source tags with base URI file:/Users/macbook/Documents/csci5123/CSCI5123_Recom_Sys/pa3_User-UserCollaborativeFiltering/uu-assignment/data/movielens.yml
10:49:07.939 DEBUG [main] org.lenskit.data.dao.file.TextEntitySource: resolved file URI: file:/Users/macbook/Documents/csci5123/CSCI5123_Recom_Sys/pa3_User-UserCollaborativeFiltering/uu-assignment/data/tags.csv
10:49:07.939 INFO [main] org.lenskit.data.dao.file.TextEntitySource: loading text file source tags to read from file:/Users/macbook/Documents/csci5123/CSCI5123_Recom_Sys/pa3_User-UserCollaborativeFiltering/uu-assignment/data/tags.csv
10:49:07.939 DEBUG [main] org.lenskit.data.dao.file.TextEntitySource: tags: using delimiter ,
10:49:07.939 DEBUG [main] org.lenskit.data.dao.file.TextEntitySource: tags: reading header
10:49:07.939 DEBUG [main] org.lenskit.data.dao.file.TextEntitySource: tags: reading entities of type EntityType[item-tag]
10:49:07.940 DEBUG [main] org.lenskit.data.dao.file.TextEntitySource: class org.lenskit.data.entities.BasicEntityBuilder: using entity builder {}
10:49:07.947 DEBUG [main] org.lenskit.LenskitRecommenderEngineBuilder: building graph from 3 configurations
10:49:08.103 DEBUG [main] org.lenskit.inject.RecommenderInstantiator: replacing nodes in graph with 12 nodes
10:49:08.117 DEBUG [main] org.lenskit.inject.RecommenderInstantiator: found 3 shared nodes
10:49:08.117 DEBUG [main] org.lenskit.inject.RecommenderInstantiator: final graph has 12 nodes
10:49:08.119 INFO [main] org.lenskit.cli.util.RecommenderLoader: built recommender in 172.0 ms
10:49:11.471 INFO [main] org.lenskit.data.dao.file.StaticDataSource: deriving entity type EntityType[user] from EntityType[rating] (column TypedName[user: long])
10:49:11.970 INFO [main] org.lenskit.data.dao.file.StaticDataSource: deriving entity type EntityType[item] from EntityType[rating] (column TypedName[item: long])
10:49:12.253 DEBUG [main] org.lenskit.data.entities.EntityCollectionBuilder: built collection of 2500 entities with type EntityType[item] and 2 indexes
10:49:12.302 DEBUG [main] org.lenskit.data.entities.EntityCollectionBuilder: built collection of 264505 entities with type EntityType[rating] and 2 indexes
10:49:12.328 DEBUG [main] org.lenskit.data.entities.EntityCollectionBuilder: built collection of 94875 entities with type EntityType[item-tag] and 2 indexes
10:49:12.329 DEBUG [main] org.lenskit.data.entities.EntityCollectionBuilder: built collection of 862 entities with type EntityType[user] and 2 indexes
10:49:12.347 INFO [main] org.lenskit.cli.commands.Predict: predicting 4 items
10:49:12.707 INFO [main] org.lenskit.cli.commands.Predict: predicted for 4 items in 358.5 ms
10:49:12.709 INFO [main] org.lenskit.cli.Main: If you use LensKit in published research, please see http://lenskit.org/research/
