10:50:13.841 INFO [main] org.lenskit.cli.Main: Starting LensKit 3.0-M1 on Java 1.8.0_131 from Oracle Corporation
10:50:13.876 DEBUG [main] org.lenskit.LenskitInfo: have 5573 active revisions
10:50:13.882 DEBUG [main] org.lenskit.cli.Main: Built from Git revision c0210fa3281ef8b15b0959bcd5fced43c5fec38a
10:50:13.883 DEBUG [main] org.lenskit.cli.Main: Using VM 'Java HotSpot(TM) 64-Bit Server VM' version 25.131-b11 from Oracle Corporation
10:50:13.883 INFO [main] org.lenskit.cli.Main: Have 8 processors and heap limit of 3641 MiB
10:50:13.905 INFO [main] org.lenskit.cli.util.RecommenderLoader: creating fresh recommender
10:50:14.304 INFO [main] org.lenskit.config.ConfigurationLoader: loading script from file:/Users/macbook/Documents/csci5123/CSCI5123_Recom_Sys/pa3_User-UserCollaborativeFiltering/uu-assignment/etc/blended.groovy
10:50:15.023 DEBUG [main] org.lenskit.data.dao.file.TextEntitySource: loading source ratings with base URI file:/Users/macbook/Documents/csci5123/CSCI5123_Recom_Sys/pa3_User-UserCollaborativeFiltering/uu-assignment/data/movielens.yml
10:50:15.023 DEBUG [main] org.lenskit.data.dao.file.TextEntitySource: resolved file URI: file:/Users/macbook/Documents/csci5123/CSCI5123_Recom_Sys/pa3_User-UserCollaborativeFiltering/uu-assignment/data/ratings.csv
10:50:15.033 INFO [main] org.lenskit.data.dao.file.TextEntitySource: loading text file source ratings to read from file:/Users/macbook/Documents/csci5123/CSCI5123_Recom_Sys/pa3_User-UserCollaborativeFiltering/uu-assignment/data/ratings.csv
10:50:15.040 DEBUG [main] org.lenskit.data.dao.file.TextEntitySource: ratings: using delimiter ,
10:50:15.040 DEBUG [main] org.lenskit.data.dao.file.TextEntitySource: ratings: reading header
10:50:15.040 DEBUG [main] org.lenskit.data.dao.file.TextEntitySource: ratings: reading entities of type EntityType[rating]
10:50:15.091 DEBUG [main] org.lenskit.data.dao.file.TextEntitySource: class org.lenskit.data.ratings.RatingBuilder: using entity builder {}
10:50:15.091 DEBUG [main] org.lenskit.data.dao.file.TextEntitySource: loading source movies with base URI file:/Users/macbook/Documents/csci5123/CSCI5123_Recom_Sys/pa3_User-UserCollaborativeFiltering/uu-assignment/data/movielens.yml
10:50:15.091 DEBUG [main] org.lenskit.data.dao.file.TextEntitySource: resolved file URI: file:/Users/macbook/Documents/csci5123/CSCI5123_Recom_Sys/pa3_User-UserCollaborativeFiltering/uu-assignment/data/movies.csv
10:50:15.091 INFO [main] org.lenskit.data.dao.file.TextEntitySource: loading text file source movies to read from file:/Users/macbook/Documents/csci5123/CSCI5123_Recom_Sys/pa3_User-UserCollaborativeFiltering/uu-assignment/data/movies.csv
10:50:15.092 DEBUG [main] org.lenskit.data.dao.file.TextEntitySource: movies: using delimiter ,
10:50:15.092 DEBUG [main] org.lenskit.data.dao.file.TextEntitySource: movies: reading header
10:50:15.092 DEBUG [main] org.lenskit.data.dao.file.TextEntitySource: movies: reading entities of type EntityType[item]
10:50:15.092 DEBUG [main] org.lenskit.data.dao.file.TextEntitySource: class org.lenskit.data.entities.BasicEntityBuilder: using entity builder {}
10:50:15.092 DEBUG [main] org.lenskit.data.dao.file.TextEntitySource: loading source tags with base URI file:/Users/macbook/Documents/csci5123/CSCI5123_Recom_Sys/pa3_User-UserCollaborativeFiltering/uu-assignment/data/movielens.yml
10:50:15.092 DEBUG [main] org.lenskit.data.dao.file.TextEntitySource: resolved file URI: file:/Users/macbook/Documents/csci5123/CSCI5123_Recom_Sys/pa3_User-UserCollaborativeFiltering/uu-assignment/data/tags.csv
10:50:15.093 INFO [main] org.lenskit.data.dao.file.TextEntitySource: loading text file source tags to read from file:/Users/macbook/Documents/csci5123/CSCI5123_Recom_Sys/pa3_User-UserCollaborativeFiltering/uu-assignment/data/tags.csv
10:50:15.093 DEBUG [main] org.lenskit.data.dao.file.TextEntitySource: tags: using delimiter ,
10:50:15.094 DEBUG [main] org.lenskit.data.dao.file.TextEntitySource: tags: reading header
10:50:15.095 DEBUG [main] org.lenskit.data.dao.file.TextEntitySource: tags: reading entities of type EntityType[item-tag]
10:50:15.096 DEBUG [main] org.lenskit.data.dao.file.TextEntitySource: class org.lenskit.data.entities.BasicEntityBuilder: using entity builder {}
10:50:15.104 DEBUG [main] org.lenskit.LenskitRecommenderEngineBuilder: building graph from 3 configurations
10:50:15.227 DEBUG [main] org.lenskit.inject.RecommenderInstantiator: replacing nodes in graph with 17 nodes
10:50:15.232 DEBUG [main] org.lenskit.inject.RecommenderInstantiator: found 6 shared nodes
10:50:16.914 INFO [main] org.lenskit.data.dao.file.StaticDataSource: deriving entity type EntityType[user] from EntityType[rating] (column TypedName[user: long])
10:50:17.037 INFO [main] org.lenskit.data.dao.file.StaticDataSource: deriving entity type EntityType[item] from EntityType[rating] (column TypedName[item: long])
10:50:17.087 DEBUG [main] org.lenskit.data.entities.EntityCollectionBuilder: built collection of 2500 entities with type EntityType[item] and 2 indexes
10:50:17.125 DEBUG [main] org.lenskit.data.entities.EntityCollectionBuilder: built collection of 264505 entities with type EntityType[rating] and 2 indexes
10:50:17.145 DEBUG [main] org.lenskit.data.entities.EntityCollectionBuilder: built collection of 94875 entities with type EntityType[item-tag] and 2 indexes
10:50:17.146 DEBUG [main] org.lenskit.data.entities.EntityCollectionBuilder: built collection of 862 entities with type EntityType[user] and 2 indexes
10:50:17.237 INFO [main] org.lenskit.data.ratings.RatingSummaryProvider: summarized 2500 items with 264505 ratings
10:50:17.287 DEBUG [main] org.lenskit.inject.RecommenderInstantiator: final graph has 17 nodes
10:50:17.288 INFO [main] org.lenskit.cli.util.RecommenderLoader: built recommender in 2.185 s
10:50:17.296 INFO [main] org.lenskit.cli.commands.Recommend: recommending for 1 users
10:50:17.306 DEBUG [main] org.lenskit.basic.TopNItemRecommender: computing effective candidates for user 320 from 2500 candidates and 62 excluded items
10:50:17.308 DEBUG [main] org.lenskit.basic.TopNItemRecommender: Computing -1 recommendations for user 320 from 2438 candidates
10:51:23.497 DEBUG [main] org.lenskit.basic.TopNItemRecommender: computing effective candidates for user 320 from 2500 candidates and 62 excluded items
10:51:23.498 DEBUG [main] org.lenskit.basic.TopNItemRecommender: Computing -1 recommendations for user 320 from 2438 candidates
10:51:23.506 DEBUG [main] org.lenskit.hybrid.RankBlendingItemRecommender: recommending for user 10 with 2438 left and 2438 right recommendations
10:51:23.522 INFO [main] org.lenskit.cli.commands.Recommend: recommended for 1 users in 1.104 min
10:51:23.523 INFO [main] org.lenskit.cli.Main: If you use LensKit in published research, please see http://lenskit.org/research/
