10:49:13.393 INFO [main] org.lenskit.cli.Main: Starting LensKit 3.0-M1 on Java 1.8.0_131 from Oracle Corporation
10:49:13.426 DEBUG [main] org.lenskit.LenskitInfo: have 5573 active revisions
10:49:13.436 DEBUG [main] org.lenskit.cli.Main: Built from Git revision c0210fa3281ef8b15b0959bcd5fced43c5fec38a
10:49:13.436 DEBUG [main] org.lenskit.cli.Main: Using VM 'Java HotSpot(TM) 64-Bit Server VM' version 25.131-b11 from Oracle Corporation
10:49:13.437 INFO [main] org.lenskit.cli.Main: Have 8 processors and heap limit of 3641 MiB
10:49:13.464 INFO [main] org.lenskit.cli.util.RecommenderLoader: creating fresh recommender
10:49:13.857 INFO [main] org.lenskit.config.ConfigurationLoader: loading script from file:/Users/macbook/Documents/csci5123/CSCI5123_Recom_Sys/pa3_User-UserCollaborativeFiltering/uu-assignment/etc/user-user.groovy
10:49:14.597 DEBUG [main] org.lenskit.data.dao.file.TextEntitySource: loading source ratings with base URI file:/Users/macbook/Documents/csci5123/CSCI5123_Recom_Sys/pa3_User-UserCollaborativeFiltering/uu-assignment/data/movielens.yml
10:49:14.598 DEBUG [main] org.lenskit.data.dao.file.TextEntitySource: resolved file URI: file:/Users/macbook/Documents/csci5123/CSCI5123_Recom_Sys/pa3_User-UserCollaborativeFiltering/uu-assignment/data/ratings.csv
10:49:14.614 INFO [main] org.lenskit.data.dao.file.TextEntitySource: loading text file source ratings to read from file:/Users/macbook/Documents/csci5123/CSCI5123_Recom_Sys/pa3_User-UserCollaborativeFiltering/uu-assignment/data/ratings.csv
10:49:14.622 DEBUG [main] org.lenskit.data.dao.file.TextEntitySource: ratings: using delimiter ,
10:49:14.622 DEBUG [main] org.lenskit.data.dao.file.TextEntitySource: ratings: reading header
10:49:14.622 DEBUG [main] org.lenskit.data.dao.file.TextEntitySource: ratings: reading entities of type EntityType[rating]
10:49:14.676 DEBUG [main] org.lenskit.data.dao.file.TextEntitySource: class org.lenskit.data.ratings.RatingBuilder: using entity builder {}
10:49:14.677 DEBUG [main] org.lenskit.data.dao.file.TextEntitySource: loading source movies with base URI file:/Users/macbook/Documents/csci5123/CSCI5123_Recom_Sys/pa3_User-UserCollaborativeFiltering/uu-assignment/data/movielens.yml
10:49:14.677 DEBUG [main] org.lenskit.data.dao.file.TextEntitySource: resolved file URI: file:/Users/macbook/Documents/csci5123/CSCI5123_Recom_Sys/pa3_User-UserCollaborativeFiltering/uu-assignment/data/movies.csv
10:49:14.677 INFO [main] org.lenskit.data.dao.file.TextEntitySource: loading text file source movies to read from file:/Users/macbook/Documents/csci5123/CSCI5123_Recom_Sys/pa3_User-UserCollaborativeFiltering/uu-assignment/data/movies.csv
10:49:14.677 DEBUG [main] org.lenskit.data.dao.file.TextEntitySource: movies: using delimiter ,
10:49:14.677 DEBUG [main] org.lenskit.data.dao.file.TextEntitySource: movies: reading header
10:49:14.677 DEBUG [main] org.lenskit.data.dao.file.TextEntitySource: movies: reading entities of type EntityType[item]
10:49:14.677 DEBUG [main] org.lenskit.data.dao.file.TextEntitySource: class org.lenskit.data.entities.BasicEntityBuilder: using entity builder {}
10:49:14.677 DEBUG [main] org.lenskit.data.dao.file.TextEntitySource: loading source tags with base URI file:/Users/macbook/Documents/csci5123/CSCI5123_Recom_Sys/pa3_User-UserCollaborativeFiltering/uu-assignment/data/movielens.yml
10:49:14.677 DEBUG [main] org.lenskit.data.dao.file.TextEntitySource: resolved file URI: file:/Users/macbook/Documents/csci5123/CSCI5123_Recom_Sys/pa3_User-UserCollaborativeFiltering/uu-assignment/data/tags.csv
10:49:14.678 INFO [main] org.lenskit.data.dao.file.TextEntitySource: loading text file source tags to read from file:/Users/macbook/Documents/csci5123/CSCI5123_Recom_Sys/pa3_User-UserCollaborativeFiltering/uu-assignment/data/tags.csv
10:49:14.678 DEBUG [main] org.lenskit.data.dao.file.TextEntitySource: tags: using delimiter ,
10:49:14.678 DEBUG [main] org.lenskit.data.dao.file.TextEntitySource: tags: reading header
10:49:14.678 DEBUG [main] org.lenskit.data.dao.file.TextEntitySource: tags: reading entities of type EntityType[item-tag]
10:49:14.678 DEBUG [main] org.lenskit.data.dao.file.TextEntitySource: class org.lenskit.data.entities.BasicEntityBuilder: using entity builder {}
10:49:14.684 DEBUG [main] org.lenskit.LenskitRecommenderEngineBuilder: building graph from 3 configurations
10:49:14.769 DEBUG [main] org.lenskit.inject.RecommenderInstantiator: replacing nodes in graph with 12 nodes
10:49:14.774 DEBUG [main] org.lenskit.inject.RecommenderInstantiator: found 3 shared nodes
10:49:14.775 DEBUG [main] org.lenskit.inject.RecommenderInstantiator: final graph has 12 nodes
10:49:14.776 INFO [main] org.lenskit.cli.util.RecommenderLoader: built recommender in 91.59 ms
10:49:16.258 INFO [main] org.lenskit.data.dao.file.StaticDataSource: deriving entity type EntityType[user] from EntityType[rating] (column TypedName[user: long])
10:49:16.872 INFO [main] org.lenskit.data.dao.file.StaticDataSource: deriving entity type EntityType[item] from EntityType[rating] (column TypedName[item: long])
10:49:16.942 DEBUG [main] org.lenskit.data.entities.EntityCollectionBuilder: built collection of 2500 entities with type EntityType[item] and 2 indexes
10:49:16.982 DEBUG [main] org.lenskit.data.entities.EntityCollectionBuilder: built collection of 264505 entities with type EntityType[rating] and 2 indexes
10:49:16.995 DEBUG [main] org.lenskit.data.entities.EntityCollectionBuilder: built collection of 94875 entities with type EntityType[item-tag] and 2 indexes
10:49:16.995 DEBUG [main] org.lenskit.data.entities.EntityCollectionBuilder: built collection of 862 entities with type EntityType[user] and 2 indexes
10:49:17.010 INFO [main] org.lenskit.cli.commands.Recommend: recommending for 1 users
10:49:17.031 DEBUG [main] org.lenskit.basic.TopNItemRecommender: computing effective candidates for user 320 from 2500 candidates and 62 excluded items
10:49:17.038 DEBUG [main] org.lenskit.basic.TopNItemRecommender: Computing 10 recommendations for user 320 from 2438 candidates
10:50:13.165 INFO [main] org.lenskit.cli.commands.Recommend: recommended for 1 users in 56.15 s
10:50:13.166 INFO [main] org.lenskit.cli.Main: If you use LensKit in published research, please see http://lenskit.org/research/
