23:38:00.291 INFO [main] org.lenskit.cli.Main: Starting LensKit 3.0-M2 on Java 1.8.0_131 from Oracle Corporation
23:38:00.313 DEBUG [main] org.lenskit.LenskitInfo: have 5655 active revisions
23:38:00.318 DEBUG [main] org.lenskit.cli.Main: Built from Git revision 0c68ad209f38816e66497a656f777a3c1484778d
23:38:00.318 DEBUG [main] org.lenskit.cli.Main: Using VM 'Java HotSpot(TM) 64-Bit Server VM' version 25.131-b11 from Oracle Corporation
23:38:00.318 INFO [main] org.lenskit.cli.Main: Have 8 processors and heap limit of 3641 MiB
23:38:00.331 INFO [main] org.lenskit.cli.util.RecommenderLoader: creating fresh recommender
23:38:00.564 INFO [main] org.lenskit.config.ConfigurationLoader: loading script from file:/Users/macbook/Documents/csci5123/CSCI5123_Recom_Sys/pa6_SVD_matrix_decomposition/svd-assignment/etc/svd.groovy
23:38:00.864 INFO [main] org.lenskit.config.ConfigurationLoader: loading script from file:/Users/macbook/Documents/csci5123/CSCI5123_Recom_Sys/pa6_SVD_matrix_decomposition/svd-assignment/etc/user-item-bias.groovy
23:38:01.036 DEBUG [main] org.lenskit.data.dao.file.TextEntitySource: loading source ratings with base URI file:/Users/macbook/Documents/csci5123/CSCI5123_Recom_Sys/pa6_SVD_matrix_decomposition/svd-assignment/data/movielens.yml
23:38:01.036 DEBUG [main] org.lenskit.data.dao.file.TextEntitySource: resolved file URI: file:/Users/macbook/Documents/csci5123/CSCI5123_Recom_Sys/pa6_SVD_matrix_decomposition/svd-assignment/data/ratings.csv
23:38:01.046 INFO [main] org.lenskit.data.dao.file.TextEntitySource: loading text file source ratings to read from file:/Users/macbook/Documents/csci5123/CSCI5123_Recom_Sys/pa6_SVD_matrix_decomposition/svd-assignment/data/ratings.csv
23:38:01.051 DEBUG [main] org.lenskit.data.dao.file.TextEntitySource: ratings: using delimiter ,
23:38:01.051 DEBUG [main] org.lenskit.data.dao.file.TextEntitySource: ratings: reading header
23:38:01.051 DEBUG [main] org.lenskit.data.dao.file.TextEntitySource: ratings: reading entities of type EntityType[rating]
23:38:01.092 DEBUG [main] org.lenskit.data.dao.file.TextEntitySource: class org.lenskit.data.ratings.RatingBuilder: using entity builder {}
23:38:01.092 DEBUG [main] org.lenskit.data.dao.file.TextEntitySource: loading source movies with base URI file:/Users/macbook/Documents/csci5123/CSCI5123_Recom_Sys/pa6_SVD_matrix_decomposition/svd-assignment/data/movielens.yml
23:38:01.092 DEBUG [main] org.lenskit.data.dao.file.TextEntitySource: resolved file URI: file:/Users/macbook/Documents/csci5123/CSCI5123_Recom_Sys/pa6_SVD_matrix_decomposition/svd-assignment/data/movies.csv
23:38:01.092 INFO [main] org.lenskit.data.dao.file.TextEntitySource: loading text file source movies to read from file:/Users/macbook/Documents/csci5123/CSCI5123_Recom_Sys/pa6_SVD_matrix_decomposition/svd-assignment/data/movies.csv
23:38:01.093 DEBUG [main] org.lenskit.data.dao.file.TextEntitySource: movies: using delimiter ,
23:38:01.093 DEBUG [main] org.lenskit.data.dao.file.TextEntitySource: movies: reading header
23:38:01.093 DEBUG [main] org.lenskit.data.dao.file.TextEntitySource: movies: reading entities of type EntityType[item]
23:38:01.093 DEBUG [main] org.lenskit.data.dao.file.TextEntitySource: class org.lenskit.data.entities.BasicEntityBuilder: using entity builder {}
23:38:01.093 DEBUG [main] org.lenskit.data.dao.file.TextEntitySource: loading source tags with base URI file:/Users/macbook/Documents/csci5123/CSCI5123_Recom_Sys/pa6_SVD_matrix_decomposition/svd-assignment/data/movielens.yml
23:38:01.093 DEBUG [main] org.lenskit.data.dao.file.TextEntitySource: resolved file URI: file:/Users/macbook/Documents/csci5123/CSCI5123_Recom_Sys/pa6_SVD_matrix_decomposition/svd-assignment/data/tags.csv
23:38:01.093 INFO [main] org.lenskit.data.dao.file.TextEntitySource: loading text file source tags to read from file:/Users/macbook/Documents/csci5123/CSCI5123_Recom_Sys/pa6_SVD_matrix_decomposition/svd-assignment/data/tags.csv
23:38:01.093 DEBUG [main] org.lenskit.data.dao.file.TextEntitySource: tags: using delimiter ,
23:38:01.093 DEBUG [main] org.lenskit.data.dao.file.TextEntitySource: tags: reading header
23:38:01.093 DEBUG [main] org.lenskit.data.dao.file.TextEntitySource: tags: reading entities of type EntityType[item-tag]
23:38:01.094 DEBUG [main] org.lenskit.data.dao.file.TextEntitySource: class org.lenskit.data.entities.BasicEntityBuilder: using entity builder {}
23:38:01.100 DEBUG [main] org.lenskit.LenskitRecommenderEngineBuilder: building graph from 4 configurations
23:38:01.185 DEBUG [main] org.lenskit.inject.RecommenderInstantiator: replacing nodes in graph with 17 nodes
23:38:01.192 DEBUG [main] org.lenskit.inject.RecommenderInstantiator: found 7 shared nodes
23:38:03.910 INFO [main] org.lenskit.data.dao.file.StaticDataSource: deriving entity type EntityType[user] from EntityType[rating] (column TypedName[user: long])
23:38:03.998 INFO [main] org.lenskit.data.dao.file.StaticDataSource: deriving entity type EntityType[item] from EntityType[rating] (column TypedName[item: long])
23:38:04.068 DEBUG [main] org.lenskit.data.entities.EntityCollectionBuilder: built collection of 2500 entities with type EntityType[item] and 2 indexes
23:38:04.105 DEBUG [main] org.lenskit.data.entities.EntityCollectionBuilder: built collection of 264505 entities with type EntityType[rating] and 2 indexes
23:38:04.120 DEBUG [main] org.lenskit.data.entities.EntityCollectionBuilder: built collection of 94875 entities with type EntityType[item-tag] and 2 indexes
23:38:04.124 DEBUG [main] org.lenskit.data.entities.EntityCollectionBuilder: built collection of 862 entities with type EntityType[user] and 2 indexes
23:38:04.211 INFO [main] org.lenskit.data.ratings.RatingSummaryProvider: summarized 2500 items with 264505 ratings
23:38:04.427 INFO [main] org.lenskit.mooc.svd.SVDModelBuilder: creating 862 by 2500 rating matrix
23:38:04.508 INFO [main] org.lenskit.mooc.svd.SVDModelBuilder: factorizing matrix
23:39:09.999 INFO [main] org.lenskit.mooc.svd.SVDModelBuilder: decomposed matrix has rank 862
23:39:10.003 INFO [main] org.lenskit.mooc.svd.SVDModelBuilder: truncating matrix to 25 features
23:39:10.004 DEBUG [main] org.lenskit.inject.RecommenderInstantiator: final graph has 16 nodes
23:39:10.005 INFO [main] org.lenskit.cli.util.RecommenderLoader: built recommender in 1.148 min
23:39:10.009 INFO [main] org.lenskit.cli.commands.Predict: predicting 4 items
23:39:10.016 INFO [main] org.lenskit.cli.commands.Predict: predicted for 4 items in 7.517 ms
23:39:10.017 INFO [main] org.lenskit.cli.Main: If you use LensKit in published research, please see http://lenskit.org/research/
