00:14:41.426 INFO [main] org.lenskit.cli.Main: Starting LensKit 3.0-M1 on Java 1.8.0_131 from Oracle Corporation
00:14:41.452 DEBUG [main] org.lenskit.LenskitInfo: have 5573 active revisions
00:14:41.460 DEBUG [main] org.lenskit.cli.Main: Built from Git revision c0210fa3281ef8b15b0959bcd5fced43c5fec38a
00:14:41.460 DEBUG [main] org.lenskit.cli.Main: Using VM 'Java HotSpot(TM) 64-Bit Server VM' version 25.131-b11 from Oracle Corporation
00:14:41.460 INFO [main] org.lenskit.cli.Main: Have 8 processors and heap limit of 3641 MiB
00:14:41.473 INFO [main] org.lenskit.cli.util.RecommenderLoader: creating fresh recommender
00:14:41.720 INFO [main] org.lenskit.config.ConfigurationLoader: loading script from file:/Users/macbook/Documents/csci5123/CSCI5123_Recom_Sys/pa4_Item-ItemCollaborativeFiltering/ii-assignment/etc/item-item.groovy
00:14:42.146 DEBUG [main] org.lenskit.data.dao.file.TextEntitySource: loading source ratings with base URI file:/Users/macbook/Documents/csci5123/CSCI5123_Recom_Sys/pa4_Item-ItemCollaborativeFiltering/ii-assignment/data/movielens.yml
00:14:42.146 DEBUG [main] org.lenskit.data.dao.file.TextEntitySource: resolved file URI: file:/Users/macbook/Documents/csci5123/CSCI5123_Recom_Sys/pa4_Item-ItemCollaborativeFiltering/ii-assignment/data/ratings.csv
00:14:42.153 INFO [main] org.lenskit.data.dao.file.TextEntitySource: loading text file source ratings to read from file:/Users/macbook/Documents/csci5123/CSCI5123_Recom_Sys/pa4_Item-ItemCollaborativeFiltering/ii-assignment/data/ratings.csv
00:14:42.158 DEBUG [main] org.lenskit.data.dao.file.TextEntitySource: ratings: using delimiter ,
00:14:42.158 DEBUG [main] org.lenskit.data.dao.file.TextEntitySource: ratings: reading header
00:14:42.158 DEBUG [main] org.lenskit.data.dao.file.TextEntitySource: ratings: reading entities of type EntityType[rating]
00:14:42.203 DEBUG [main] org.lenskit.data.dao.file.TextEntitySource: class org.lenskit.data.ratings.RatingBuilder: using entity builder {}
00:14:42.203 DEBUG [main] org.lenskit.data.dao.file.TextEntitySource: loading source movies with base URI file:/Users/macbook/Documents/csci5123/CSCI5123_Recom_Sys/pa4_Item-ItemCollaborativeFiltering/ii-assignment/data/movielens.yml
00:14:42.203 DEBUG [main] org.lenskit.data.dao.file.TextEntitySource: resolved file URI: file:/Users/macbook/Documents/csci5123/CSCI5123_Recom_Sys/pa4_Item-ItemCollaborativeFiltering/ii-assignment/data/movies.csv
00:14:42.203 INFO [main] org.lenskit.data.dao.file.TextEntitySource: loading text file source movies to read from file:/Users/macbook/Documents/csci5123/CSCI5123_Recom_Sys/pa4_Item-ItemCollaborativeFiltering/ii-assignment/data/movies.csv
00:14:42.203 DEBUG [main] org.lenskit.data.dao.file.TextEntitySource: movies: using delimiter ,
00:14:42.203 DEBUG [main] org.lenskit.data.dao.file.TextEntitySource: movies: reading header
00:14:42.203 DEBUG [main] org.lenskit.data.dao.file.TextEntitySource: movies: reading entities of type EntityType[item]
00:14:42.204 DEBUG [main] org.lenskit.data.dao.file.TextEntitySource: class org.lenskit.data.entities.BasicEntityBuilder: using entity builder {}
00:14:42.204 DEBUG [main] org.lenskit.data.dao.file.TextEntitySource: loading source tags with base URI file:/Users/macbook/Documents/csci5123/CSCI5123_Recom_Sys/pa4_Item-ItemCollaborativeFiltering/ii-assignment/data/movielens.yml
00:14:42.204 DEBUG [main] org.lenskit.data.dao.file.TextEntitySource: resolved file URI: file:/Users/macbook/Documents/csci5123/CSCI5123_Recom_Sys/pa4_Item-ItemCollaborativeFiltering/ii-assignment/data/tags.csv
00:14:42.204 INFO [main] org.lenskit.data.dao.file.TextEntitySource: loading text file source tags to read from file:/Users/macbook/Documents/csci5123/CSCI5123_Recom_Sys/pa4_Item-ItemCollaborativeFiltering/ii-assignment/data/tags.csv
00:14:42.204 DEBUG [main] org.lenskit.data.dao.file.TextEntitySource: tags: using delimiter ,
00:14:42.204 DEBUG [main] org.lenskit.data.dao.file.TextEntitySource: tags: reading header
00:14:42.204 DEBUG [main] org.lenskit.data.dao.file.TextEntitySource: tags: reading entities of type EntityType[item-tag]
00:14:42.205 DEBUG [main] org.lenskit.data.dao.file.TextEntitySource: class org.lenskit.data.entities.BasicEntityBuilder: using entity builder {}
00:14:42.212 DEBUG [main] org.lenskit.LenskitRecommenderEngineBuilder: building graph from 3 configurations
00:14:42.288 DEBUG [main] org.lenskit.inject.RecommenderInstantiator: replacing nodes in graph with 13 nodes
00:14:42.294 DEBUG [main] org.lenskit.inject.RecommenderInstantiator: found 2 shared nodes
00:14:43.122 INFO [main] org.lenskit.data.dao.file.StaticDataSource: deriving entity type EntityType[user] from EntityType[rating] (column TypedName[user: long])
00:14:43.286 INFO [main] org.lenskit.data.dao.file.StaticDataSource: deriving entity type EntityType[item] from EntityType[rating] (column TypedName[item: long])
00:14:43.321 DEBUG [main] org.lenskit.data.entities.EntityCollectionBuilder: built collection of 2500 entities with type EntityType[item] and 2 indexes
00:14:43.347 DEBUG [main] org.lenskit.data.entities.EntityCollectionBuilder: built collection of 264505 entities with type EntityType[rating] and 2 indexes
00:14:43.359 DEBUG [main] org.lenskit.data.entities.EntityCollectionBuilder: built collection of 94875 entities with type EntityType[item-tag] and 2 indexes
00:14:43.360 DEBUG [main] org.lenskit.data.entities.EntityCollectionBuilder: built collection of 862 entities with type EntityType[user] and 2 indexes
00:14:53.610 DEBUG [main] org.lenskit.inject.RecommenderInstantiator: final graph has 13 nodes
00:14:53.611 INFO [main] org.lenskit.cli.util.RecommenderLoader: built recommender in 11.40 s
00:14:53.616 INFO [main] org.lenskit.cli.commands.GlobalRecommend: using 4 reference items: [153, 260, 527, 588]
00:14:53.640 INFO [main] org.lenskit.cli.commands.GlobalRecommend: recommended in 23.70 ms
00:14:53.641 INFO [main] org.lenskit.cli.Main: If you use LensKit in published research, please see http://lenskit.org/research/
