00:18:26.163 INFO [main] org.lenskit.cli.Main: Starting LensKit 3.0-M1 on Java 1.8.0_131 from Oracle Corporation
00:18:26.190 DEBUG [main] org.lenskit.LenskitInfo: have 5573 active revisions
00:18:26.195 DEBUG [main] org.lenskit.cli.Main: Built from Git revision c0210fa3281ef8b15b0959bcd5fced43c5fec38a
00:18:26.195 DEBUG [main] org.lenskit.cli.Main: Using VM 'Java HotSpot(TM) 64-Bit Server VM' version 25.131-b11 from Oracle Corporation
00:18:26.195 INFO [main] org.lenskit.cli.Main: Have 8 processors and heap limit of 3641 MiB
00:18:26.211 INFO [main] org.lenskit.cli.util.RecommenderLoader: creating fresh recommender
00:18:26.445 INFO [main] org.lenskit.config.ConfigurationLoader: loading script from file:/Users/macbook/Documents/csci5123/CSCI5123_Recom_Sys/pa4_Item-ItemCollaborativeFiltering/ii-assignment/etc/item-item.groovy
00:18:26.864 DEBUG [main] org.lenskit.data.dao.file.TextEntitySource: loading source ratings with base URI file:/Users/macbook/Documents/csci5123/CSCI5123_Recom_Sys/pa4_Item-ItemCollaborativeFiltering/ii-assignment/data/movielens.yml
00:18:26.865 DEBUG [main] org.lenskit.data.dao.file.TextEntitySource: resolved file URI: file:/Users/macbook/Documents/csci5123/CSCI5123_Recom_Sys/pa4_Item-ItemCollaborativeFiltering/ii-assignment/data/ratings.csv
00:18:26.872 INFO [main] org.lenskit.data.dao.file.TextEntitySource: loading text file source ratings to read from file:/Users/macbook/Documents/csci5123/CSCI5123_Recom_Sys/pa4_Item-ItemCollaborativeFiltering/ii-assignment/data/ratings.csv
00:18:26.877 DEBUG [main] org.lenskit.data.dao.file.TextEntitySource: ratings: using delimiter ,
00:18:26.877 DEBUG [main] org.lenskit.data.dao.file.TextEntitySource: ratings: reading header
00:18:26.877 DEBUG [main] org.lenskit.data.dao.file.TextEntitySource: ratings: reading entities of type EntityType[rating]
00:18:26.919 DEBUG [main] org.lenskit.data.dao.file.TextEntitySource: class org.lenskit.data.ratings.RatingBuilder: using entity builder {}
00:18:26.919 DEBUG [main] org.lenskit.data.dao.file.TextEntitySource: loading source movies with base URI file:/Users/macbook/Documents/csci5123/CSCI5123_Recom_Sys/pa4_Item-ItemCollaborativeFiltering/ii-assignment/data/movielens.yml
00:18:26.919 DEBUG [main] org.lenskit.data.dao.file.TextEntitySource: resolved file URI: file:/Users/macbook/Documents/csci5123/CSCI5123_Recom_Sys/pa4_Item-ItemCollaborativeFiltering/ii-assignment/data/movies.csv
00:18:26.919 INFO [main] org.lenskit.data.dao.file.TextEntitySource: loading text file source movies to read from file:/Users/macbook/Documents/csci5123/CSCI5123_Recom_Sys/pa4_Item-ItemCollaborativeFiltering/ii-assignment/data/movies.csv
00:18:26.919 DEBUG [main] org.lenskit.data.dao.file.TextEntitySource: movies: using delimiter ,
00:18:26.919 DEBUG [main] org.lenskit.data.dao.file.TextEntitySource: movies: reading header
00:18:26.919 DEBUG [main] org.lenskit.data.dao.file.TextEntitySource: movies: reading entities of type EntityType[item]
00:18:26.920 DEBUG [main] org.lenskit.data.dao.file.TextEntitySource: class org.lenskit.data.entities.BasicEntityBuilder: using entity builder {}
00:18:26.920 DEBUG [main] org.lenskit.data.dao.file.TextEntitySource: loading source tags with base URI file:/Users/macbook/Documents/csci5123/CSCI5123_Recom_Sys/pa4_Item-ItemCollaborativeFiltering/ii-assignment/data/movielens.yml
00:18:26.920 DEBUG [main] org.lenskit.data.dao.file.TextEntitySource: resolved file URI: file:/Users/macbook/Documents/csci5123/CSCI5123_Recom_Sys/pa4_Item-ItemCollaborativeFiltering/ii-assignment/data/tags.csv
00:18:26.920 INFO [main] org.lenskit.data.dao.file.TextEntitySource: loading text file source tags to read from file:/Users/macbook/Documents/csci5123/CSCI5123_Recom_Sys/pa4_Item-ItemCollaborativeFiltering/ii-assignment/data/tags.csv
00:18:26.920 DEBUG [main] org.lenskit.data.dao.file.TextEntitySource: tags: using delimiter ,
00:18:26.920 DEBUG [main] org.lenskit.data.dao.file.TextEntitySource: tags: reading header
00:18:26.920 DEBUG [main] org.lenskit.data.dao.file.TextEntitySource: tags: reading entities of type EntityType[item-tag]
00:18:26.920 DEBUG [main] org.lenskit.data.dao.file.TextEntitySource: class org.lenskit.data.entities.BasicEntityBuilder: using entity builder {}
00:18:26.925 DEBUG [main] org.lenskit.LenskitRecommenderEngineBuilder: building graph from 3 configurations
00:18:26.989 DEBUG [main] org.lenskit.inject.RecommenderInstantiator: replacing nodes in graph with 13 nodes
00:18:26.995 DEBUG [main] org.lenskit.inject.RecommenderInstantiator: found 2 shared nodes
00:18:27.883 INFO [main] org.lenskit.data.dao.file.StaticDataSource: deriving entity type EntityType[user] from EntityType[rating] (column TypedName[user: long])
00:18:27.973 INFO [main] org.lenskit.data.dao.file.StaticDataSource: deriving entity type EntityType[item] from EntityType[rating] (column TypedName[item: long])
00:18:28.006 DEBUG [main] org.lenskit.data.entities.EntityCollectionBuilder: built collection of 2500 entities with type EntityType[item] and 2 indexes
00:18:28.032 DEBUG [main] org.lenskit.data.entities.EntityCollectionBuilder: built collection of 264505 entities with type EntityType[rating] and 2 indexes
00:18:28.041 DEBUG [main] org.lenskit.data.entities.EntityCollectionBuilder: built collection of 94875 entities with type EntityType[item-tag] and 2 indexes
00:18:28.042 DEBUG [main] org.lenskit.data.entities.EntityCollectionBuilder: built collection of 862 entities with type EntityType[user] and 2 indexes
00:18:45.836 DEBUG [main] org.lenskit.inject.RecommenderInstantiator: final graph has 13 nodes
00:18:45.838 INFO [main] org.lenskit.cli.util.RecommenderLoader: built recommender in 18.91 s
00:18:45.842 INFO [main] org.lenskit.cli.commands.Predict: predicting 4 items
00:18:45.862 INFO [main] org.lenskit.cli.commands.Predict: predicted for 4 items in 19.78 ms
00:18:45.862 INFO [main] org.lenskit.cli.Main: If you use LensKit in published research, please see http://lenskit.org/research/
