00:17:00.504 INFO [main] org.lenskit.cli.Main: Starting LensKit 3.0-M1 on Java 1.8.0_131 from Oracle Corporation
00:17:00.526 DEBUG [main] org.lenskit.LenskitInfo: have 5573 active revisions
00:17:00.531 DEBUG [main] org.lenskit.cli.Main: Built from Git revision c0210fa3281ef8b15b0959bcd5fced43c5fec38a
00:17:00.531 DEBUG [main] org.lenskit.cli.Main: Using VM 'Java HotSpot(TM) 64-Bit Server VM' version 25.131-b11 from Oracle Corporation
00:17:00.531 INFO [main] org.lenskit.cli.Main: Have 8 processors and heap limit of 3641 MiB
00:17:00.544 INFO [main] org.lenskit.cli.util.RecommenderLoader: creating fresh recommender
00:17:00.776 INFO [main] org.lenskit.config.ConfigurationLoader: loading script from file:/Users/macbook/Documents/csci5123/CSCI5123_Recom_Sys/pa4_Item-ItemCollaborativeFiltering/ii-assignment/etc/item-item.groovy
00:17:01.206 DEBUG [main] org.lenskit.data.dao.file.TextEntitySource: loading source ratings with base URI file:/Users/macbook/Documents/csci5123/CSCI5123_Recom_Sys/pa4_Item-ItemCollaborativeFiltering/ii-assignment/data/movielens.yml
00:17:01.207 DEBUG [main] org.lenskit.data.dao.file.TextEntitySource: resolved file URI: file:/Users/macbook/Documents/csci5123/CSCI5123_Recom_Sys/pa4_Item-ItemCollaborativeFiltering/ii-assignment/data/ratings.csv
00:17:01.214 INFO [main] org.lenskit.data.dao.file.TextEntitySource: loading text file source ratings to read from file:/Users/macbook/Documents/csci5123/CSCI5123_Recom_Sys/pa4_Item-ItemCollaborativeFiltering/ii-assignment/data/ratings.csv
00:17:01.219 DEBUG [main] org.lenskit.data.dao.file.TextEntitySource: ratings: using delimiter ,
00:17:01.219 DEBUG [main] org.lenskit.data.dao.file.TextEntitySource: ratings: reading header
00:17:01.219 DEBUG [main] org.lenskit.data.dao.file.TextEntitySource: ratings: reading entities of type EntityType[rating]
00:17:01.262 DEBUG [main] org.lenskit.data.dao.file.TextEntitySource: class org.lenskit.data.ratings.RatingBuilder: using entity builder {}
00:17:01.262 DEBUG [main] org.lenskit.data.dao.file.TextEntitySource: loading source movies with base URI file:/Users/macbook/Documents/csci5123/CSCI5123_Recom_Sys/pa4_Item-ItemCollaborativeFiltering/ii-assignment/data/movielens.yml
00:17:01.262 DEBUG [main] org.lenskit.data.dao.file.TextEntitySource: resolved file URI: file:/Users/macbook/Documents/csci5123/CSCI5123_Recom_Sys/pa4_Item-ItemCollaborativeFiltering/ii-assignment/data/movies.csv
00:17:01.262 INFO [main] org.lenskit.data.dao.file.TextEntitySource: loading text file source movies to read from file:/Users/macbook/Documents/csci5123/CSCI5123_Recom_Sys/pa4_Item-ItemCollaborativeFiltering/ii-assignment/data/movies.csv
00:17:01.262 DEBUG [main] org.lenskit.data.dao.file.TextEntitySource: movies: using delimiter ,
00:17:01.262 DEBUG [main] org.lenskit.data.dao.file.TextEntitySource: movies: reading header
00:17:01.262 DEBUG [main] org.lenskit.data.dao.file.TextEntitySource: movies: reading entities of type EntityType[item]
00:17:01.263 DEBUG [main] org.lenskit.data.dao.file.TextEntitySource: class org.lenskit.data.entities.BasicEntityBuilder: using entity builder {}
00:17:01.263 DEBUG [main] org.lenskit.data.dao.file.TextEntitySource: loading source tags with base URI file:/Users/macbook/Documents/csci5123/CSCI5123_Recom_Sys/pa4_Item-ItemCollaborativeFiltering/ii-assignment/data/movielens.yml
00:17:01.263 DEBUG [main] org.lenskit.data.dao.file.TextEntitySource: resolved file URI: file:/Users/macbook/Documents/csci5123/CSCI5123_Recom_Sys/pa4_Item-ItemCollaborativeFiltering/ii-assignment/data/tags.csv
00:17:01.263 INFO [main] org.lenskit.data.dao.file.TextEntitySource: loading text file source tags to read from file:/Users/macbook/Documents/csci5123/CSCI5123_Recom_Sys/pa4_Item-ItemCollaborativeFiltering/ii-assignment/data/tags.csv
00:17:01.263 DEBUG [main] org.lenskit.data.dao.file.TextEntitySource: tags: using delimiter ,
00:17:01.263 DEBUG [main] org.lenskit.data.dao.file.TextEntitySource: tags: reading header
00:17:01.263 DEBUG [main] org.lenskit.data.dao.file.TextEntitySource: tags: reading entities of type EntityType[item-tag]
00:17:01.263 DEBUG [main] org.lenskit.data.dao.file.TextEntitySource: class org.lenskit.data.entities.BasicEntityBuilder: using entity builder {}
00:17:01.268 DEBUG [main] org.lenskit.LenskitRecommenderEngineBuilder: building graph from 3 configurations
00:17:01.326 DEBUG [main] org.lenskit.inject.RecommenderInstantiator: replacing nodes in graph with 13 nodes
00:17:01.331 DEBUG [main] org.lenskit.inject.RecommenderInstantiator: found 2 shared nodes
00:17:02.299 INFO [main] org.lenskit.data.dao.file.StaticDataSource: deriving entity type EntityType[user] from EntityType[rating] (column TypedName[user: long])
00:17:02.822 INFO [main] org.lenskit.data.dao.file.StaticDataSource: deriving entity type EntityType[item] from EntityType[rating] (column TypedName[item: long])
00:17:02.879 DEBUG [main] org.lenskit.data.entities.EntityCollectionBuilder: built collection of 2500 entities with type EntityType[item] and 2 indexes
00:17:02.908 DEBUG [main] org.lenskit.data.entities.EntityCollectionBuilder: built collection of 264505 entities with type EntityType[rating] and 2 indexes
00:17:02.918 DEBUG [main] org.lenskit.data.entities.EntityCollectionBuilder: built collection of 94875 entities with type EntityType[item-tag] and 2 indexes
00:17:02.919 DEBUG [main] org.lenskit.data.entities.EntityCollectionBuilder: built collection of 862 entities with type EntityType[user] and 2 indexes
00:17:13.087 DEBUG [main] org.lenskit.inject.RecommenderInstantiator: final graph has 13 nodes
00:17:13.089 INFO [main] org.lenskit.cli.util.RecommenderLoader: built recommender in 11.82 s
00:17:13.094 INFO [main] org.lenskit.cli.commands.Recommend: recommending for 1 users
00:17:13.099 DEBUG [main] org.lenskit.basic.TopNItemRecommender: computing effective candidates for user 320 from 2500 candidates and 62 excluded items
00:17:13.102 DEBUG [main] org.lenskit.basic.TopNItemRecommender: Computing 10 recommendations for user 320 from 2438 candidates
00:17:13.521 INFO [main] org.lenskit.cli.commands.Recommend: recommended for 1 users in 426.1 ms
00:17:13.521 INFO [main] org.lenskit.cli.Main: If you use LensKit in published research, please see http://lenskit.org/research/
