11:04:09.776 INFO [main] org.lenskit.cli.Main: Starting LensKit 3.0-M1 on Java 1.8.0_131 from Oracle Corporation
11:04:09.798 DEBUG [main] org.lenskit.LenskitInfo: have 5573 active revisions
11:04:09.803 DEBUG [main] org.lenskit.cli.Main: Built from Git revision c0210fa3281ef8b15b0959bcd5fced43c5fec38a
11:04:09.803 DEBUG [main] org.lenskit.cli.Main: Using VM 'Java HotSpot(TM) 64-Bit Server VM' version 25.131-b11 from Oracle Corporation
11:04:09.803 INFO [main] org.lenskit.cli.Main: Have 8 processors and heap limit of 3641 MiB
11:04:09.815 INFO [main] org.lenskit.cli.util.RecommenderLoader: creating fresh recommender
11:04:10.071 INFO [main] org.lenskit.config.ConfigurationLoader: loading script from file:/Users/macbook/Documents/csci5123/CSCI5123_Recom_Sys/pa2_ContentBasedFiltering/cbf-assignment/etc/weighted.groovy
11:04:10.641 DEBUG [main] org.lenskit.data.dao.file.TextEntitySource: loading source ratings with base URI file:/Users/macbook/Documents/csci5123/CSCI5123_Recom_Sys/pa2_ContentBasedFiltering/cbf-assignment/data/movielens.yml
11:04:10.641 DEBUG [main] org.lenskit.data.dao.file.TextEntitySource: resolved file URI: file:/Users/macbook/Documents/csci5123/CSCI5123_Recom_Sys/pa2_ContentBasedFiltering/cbf-assignment/data/ratings.csv
11:04:10.652 INFO [main] org.lenskit.data.dao.file.TextEntitySource: loading text file source ratings to read from file:/Users/macbook/Documents/csci5123/CSCI5123_Recom_Sys/pa2_ContentBasedFiltering/cbf-assignment/data/ratings.csv
11:04:10.657 DEBUG [main] org.lenskit.data.dao.file.TextEntitySource: ratings: using delimiter ,
11:04:10.657 DEBUG [main] org.lenskit.data.dao.file.TextEntitySource: ratings: reading header
11:04:10.657 DEBUG [main] org.lenskit.data.dao.file.TextEntitySource: ratings: reading entities of type EntityType[rating]
11:04:10.702 DEBUG [main] org.lenskit.data.dao.file.TextEntitySource: class org.lenskit.data.ratings.RatingBuilder: using entity builder {}
11:04:10.702 DEBUG [main] org.lenskit.data.dao.file.TextEntitySource: loading source movies with base URI file:/Users/macbook/Documents/csci5123/CSCI5123_Recom_Sys/pa2_ContentBasedFiltering/cbf-assignment/data/movielens.yml
11:04:10.702 DEBUG [main] org.lenskit.data.dao.file.TextEntitySource: resolved file URI: file:/Users/macbook/Documents/csci5123/CSCI5123_Recom_Sys/pa2_ContentBasedFiltering/cbf-assignment/data/movies.csv
11:04:10.702 INFO [main] org.lenskit.data.dao.file.TextEntitySource: loading text file source movies to read from file:/Users/macbook/Documents/csci5123/CSCI5123_Recom_Sys/pa2_ContentBasedFiltering/cbf-assignment/data/movies.csv
11:04:10.702 DEBUG [main] org.lenskit.data.dao.file.TextEntitySource: movies: using delimiter ,
11:04:10.702 DEBUG [main] org.lenskit.data.dao.file.TextEntitySource: movies: reading header
11:04:10.702 DEBUG [main] org.lenskit.data.dao.file.TextEntitySource: movies: reading entities of type EntityType[item]
11:04:10.702 DEBUG [main] org.lenskit.data.dao.file.TextEntitySource: class org.lenskit.data.entities.BasicEntityBuilder: using entity builder {}
11:04:10.702 DEBUG [main] org.lenskit.data.dao.file.TextEntitySource: loading source tags with base URI file:/Users/macbook/Documents/csci5123/CSCI5123_Recom_Sys/pa2_ContentBasedFiltering/cbf-assignment/data/movielens.yml
11:04:10.702 DEBUG [main] org.lenskit.data.dao.file.TextEntitySource: resolved file URI: file:/Users/macbook/Documents/csci5123/CSCI5123_Recom_Sys/pa2_ContentBasedFiltering/cbf-assignment/data/tags.csv
11:04:10.703 INFO [main] org.lenskit.data.dao.file.TextEntitySource: loading text file source tags to read from file:/Users/macbook/Documents/csci5123/CSCI5123_Recom_Sys/pa2_ContentBasedFiltering/cbf-assignment/data/tags.csv
11:04:10.703 DEBUG [main] org.lenskit.data.dao.file.TextEntitySource: tags: using delimiter ,
11:04:10.703 DEBUG [main] org.lenskit.data.dao.file.TextEntitySource: tags: reading header
11:04:10.703 DEBUG [main] org.lenskit.data.dao.file.TextEntitySource: tags: reading entities of type EntityType[item-tag]
11:04:10.705 DEBUG [main] org.lenskit.data.dao.file.TextEntitySource: class org.lenskit.data.entities.BasicEntityBuilder: using entity builder {}
11:04:10.711 DEBUG [main] org.lenskit.LenskitRecommenderEngineBuilder: building graph from 3 configurations
11:04:10.778 DEBUG [main] org.lenskit.inject.RecommenderInstantiator: replacing nodes in graph with 14 nodes
11:04:10.783 DEBUG [main] org.lenskit.inject.RecommenderInstantiator: found 4 shared nodes
11:04:11.976 INFO [main] org.lenskit.data.dao.file.StaticDataSource: deriving entity type EntityType[user] from EntityType[rating] (column TypedName[user: long])
11:04:12.032 INFO [main] org.lenskit.data.dao.file.StaticDataSource: deriving entity type EntityType[item] from EntityType[rating] (column TypedName[item: long])
11:04:12.085 INFO [main] org.lenskit.data.dao.file.StaticDataSource: deriving entity type EntityType[user] from EntityType[item-tag] (column TypedName[user: long])
11:04:12.111 INFO [main] org.lenskit.data.dao.file.StaticDataSource: deriving entity type EntityType[item] from EntityType[item-tag] (column TypedName[item: long])
11:04:12.140 DEBUG [main] org.lenskit.data.entities.EntityCollectionBuilder: built collection of 2500 entities with type EntityType[item] and 2 indexes
11:04:12.166 DEBUG [main] org.lenskit.data.entities.EntityCollectionBuilder: built collection of 264505 entities with type EntityType[rating] and 2 indexes
11:04:12.176 DEBUG [main] org.lenskit.data.entities.EntityCollectionBuilder: built collection of 94875 entities with type EntityType[item-tag] and 2 indexes
11:04:12.177 DEBUG [main] org.lenskit.data.entities.EntityCollectionBuilder: built collection of 862 entities with type EntityType[user] and 2 indexes
11:04:12.188 INFO [main] org.lenskit.mooc.cbf.TFIDFModelProvider: Building TF-IDF model
11:04:12.277 INFO [main] org.lenskit.mooc.cbf.TFIDFModelProvider: Computed docFreq vectors for 13103 items
11:04:12.310 INFO [main] org.lenskit.mooc.cbf.TFIDFModelProvider: Item 2231 has the following final term vector: {cards=0.1076736727697595, John Malkovich=0.23970853283741034, Matt Damon=0.3159509700099918, poker=0.5969723646885582, gambling=0.24572008949856772, library vhs=0.06053343286414036, card games=0.12526237038499663, 2.5=0.06789050985047351, John Turturro=0.2606167586076272, Edward Norton=0.5529141975174856, John Dahl=0.1141651377329722, watched 2006=0.061105276598972115}
11:04:12.330 DEBUG [main] org.lenskit.inject.RecommenderInstantiator: final graph has 14 nodes
11:04:12.331 INFO [main] org.lenskit.cli.util.RecommenderLoader: built recommender in 1.620 s
11:04:12.338 INFO [main] org.lenskit.cli.commands.Recommend: recommending for 1 users
11:04:12.348 DEBUG [main] org.lenskit.basic.TopNItemRecommender: computing effective candidates for user 320 from 2500 candidates and 62 excluded items
11:04:12.351 DEBUG [main] org.lenskit.basic.TopNItemRecommender: Computing 10 recommendations for user 320 from 2438 candidates
11:04:12.398 INFO [main] org.lenskit.cli.commands.Recommend: recommended for 1 users in 59.43 ms
11:04:12.398 INFO [main] org.lenskit.cli.Main: If you use LensKit in published research, please see http://lenskit.org/research/
