19:44:41.524 INFO [main] org.lenskit.cli.Main: Starting LensKit 3.0-M1 on Java 1.8.0_131 from Oracle Corporation
19:44:41.545 DEBUG [main] org.lenskit.LenskitInfo: have 5573 active revisions
19:44:41.550 DEBUG [main] org.lenskit.cli.Main: Built from Git revision c0210fa3281ef8b15b0959bcd5fced43c5fec38a
19:44:41.551 DEBUG [main] org.lenskit.cli.Main: Using VM 'Java HotSpot(TM) 64-Bit Server VM' version 25.131-b11 from Oracle Corporation
19:44:41.551 INFO [main] org.lenskit.cli.Main: Have 8 processors and heap limit of 3641 MiB
19:44:41.563 INFO [main] org.lenskit.cli.util.RecommenderLoader: creating fresh recommender
19:44:41.802 INFO [main] org.lenskit.config.ConfigurationLoader: loading script from file:/Users/macbook/Documents/csci5123/CSCI5123_Recom_Sys/pa2_ContentBasedFiltering/cbf-assignment/etc/basic.groovy
19:44:42.270 DEBUG [main] org.lenskit.data.dao.file.TextEntitySource: loading source ratings with base URI file:/Users/macbook/Documents/csci5123/CSCI5123_Recom_Sys/pa2_ContentBasedFiltering/cbf-assignment/data/movielens.yml
19:44:42.270 DEBUG [main] org.lenskit.data.dao.file.TextEntitySource: resolved file URI: file:/Users/macbook/Documents/csci5123/CSCI5123_Recom_Sys/pa2_ContentBasedFiltering/cbf-assignment/data/ratings.csv
19:44:42.278 INFO [main] org.lenskit.data.dao.file.TextEntitySource: loading text file source ratings to read from file:/Users/macbook/Documents/csci5123/CSCI5123_Recom_Sys/pa2_ContentBasedFiltering/cbf-assignment/data/ratings.csv
19:44:42.283 DEBUG [main] org.lenskit.data.dao.file.TextEntitySource: ratings: using delimiter ,
19:44:42.284 DEBUG [main] org.lenskit.data.dao.file.TextEntitySource: ratings: reading header
19:44:42.284 DEBUG [main] org.lenskit.data.dao.file.TextEntitySource: ratings: reading entities of type EntityType[rating]
19:44:42.323 DEBUG [main] org.lenskit.data.dao.file.TextEntitySource: class org.lenskit.data.ratings.RatingBuilder: using entity builder {}
19:44:42.323 DEBUG [main] org.lenskit.data.dao.file.TextEntitySource: loading source movies with base URI file:/Users/macbook/Documents/csci5123/CSCI5123_Recom_Sys/pa2_ContentBasedFiltering/cbf-assignment/data/movielens.yml
19:44:42.323 DEBUG [main] org.lenskit.data.dao.file.TextEntitySource: resolved file URI: file:/Users/macbook/Documents/csci5123/CSCI5123_Recom_Sys/pa2_ContentBasedFiltering/cbf-assignment/data/movies.csv
19:44:42.323 INFO [main] org.lenskit.data.dao.file.TextEntitySource: loading text file source movies to read from file:/Users/macbook/Documents/csci5123/CSCI5123_Recom_Sys/pa2_ContentBasedFiltering/cbf-assignment/data/movies.csv
19:44:42.323 DEBUG [main] org.lenskit.data.dao.file.TextEntitySource: movies: using delimiter ,
19:44:42.323 DEBUG [main] org.lenskit.data.dao.file.TextEntitySource: movies: reading header
19:44:42.323 DEBUG [main] org.lenskit.data.dao.file.TextEntitySource: movies: reading entities of type EntityType[item]
19:44:42.323 DEBUG [main] org.lenskit.data.dao.file.TextEntitySource: class org.lenskit.data.entities.BasicEntityBuilder: using entity builder {}
19:44:42.323 DEBUG [main] org.lenskit.data.dao.file.TextEntitySource: loading source tags with base URI file:/Users/macbook/Documents/csci5123/CSCI5123_Recom_Sys/pa2_ContentBasedFiltering/cbf-assignment/data/movielens.yml
19:44:42.324 DEBUG [main] org.lenskit.data.dao.file.TextEntitySource: resolved file URI: file:/Users/macbook/Documents/csci5123/CSCI5123_Recom_Sys/pa2_ContentBasedFiltering/cbf-assignment/data/tags.csv
19:44:42.324 INFO [main] org.lenskit.data.dao.file.TextEntitySource: loading text file source tags to read from file:/Users/macbook/Documents/csci5123/CSCI5123_Recom_Sys/pa2_ContentBasedFiltering/cbf-assignment/data/tags.csv
19:44:42.324 DEBUG [main] org.lenskit.data.dao.file.TextEntitySource: tags: using delimiter ,
19:44:42.324 DEBUG [main] org.lenskit.data.dao.file.TextEntitySource: tags: reading header
19:44:42.324 DEBUG [main] org.lenskit.data.dao.file.TextEntitySource: tags: reading entities of type EntityType[item-tag]
19:44:42.326 DEBUG [main] org.lenskit.data.dao.file.TextEntitySource: class org.lenskit.data.entities.BasicEntityBuilder: using entity builder {}
19:44:42.332 DEBUG [main] org.lenskit.LenskitRecommenderEngineBuilder: building graph from 3 configurations
19:44:42.397 DEBUG [main] org.lenskit.inject.RecommenderInstantiator: replacing nodes in graph with 14 nodes
19:44:42.402 DEBUG [main] org.lenskit.inject.RecommenderInstantiator: found 4 shared nodes
19:44:43.320 INFO [main] org.lenskit.data.dao.file.StaticDataSource: deriving entity type EntityType[user] from EntityType[rating] (column TypedName[user: long])
19:44:43.420 INFO [main] org.lenskit.data.dao.file.StaticDataSource: deriving entity type EntityType[item] from EntityType[rating] (column TypedName[item: long])
19:44:43.477 INFO [main] org.lenskit.data.dao.file.StaticDataSource: deriving entity type EntityType[user] from EntityType[item-tag] (column TypedName[user: long])
19:44:43.499 INFO [main] org.lenskit.data.dao.file.StaticDataSource: deriving entity type EntityType[item] from EntityType[item-tag] (column TypedName[item: long])
19:44:43.519 DEBUG [main] org.lenskit.data.entities.EntityCollectionBuilder: built collection of 2500 entities with type EntityType[item] and 2 indexes
19:44:43.541 DEBUG [main] org.lenskit.data.entities.EntityCollectionBuilder: built collection of 264505 entities with type EntityType[rating] and 2 indexes
19:44:43.551 DEBUG [main] org.lenskit.data.entities.EntityCollectionBuilder: built collection of 94875 entities with type EntityType[item-tag] and 2 indexes
19:44:43.552 DEBUG [main] org.lenskit.data.entities.EntityCollectionBuilder: built collection of 862 entities with type EntityType[user] and 2 indexes
19:44:43.557 INFO [main] org.lenskit.mooc.cbf.TFIDFModelProvider: Building TF-IDF model
19:44:43.643 INFO [main] org.lenskit.mooc.cbf.TFIDFModelProvider: Computed docFreq vectors for 13103 items
19:44:43.663 INFO [main] org.lenskit.mooc.cbf.TFIDFModelProvider: Item 2231 has the following  term vector: {cards=6.725433722188182, John Malkovich=14.972498000400227, Matt Damon=19.73469701184051, poker=37.28764859053315, gambling=15.347987429262247, library vhs=3.7809947430217417, card games=7.824046010856292, 2.5=4.240527072400182, John Turturro=16.278452214173765, Edward Norton=34.53571977072089, John Dahl=7.1308988302963465, watched 2006=3.8167128256238207}
19:44:43.663 INFO [main] org.lenskit.mooc.cbf.TFIDFModelProvider: Item 2231 has the norm: 3901.4095253831783
19:44:43.675 INFO [main] org.lenskit.mooc.cbf.TFIDFModelProvider: Item 2231 has the following final term vector: {cards=0.1076736727697595, John Malkovich=0.23970853283741034, Matt Damon=0.3159509700099918, poker=0.5969723646885582, gambling=0.24572008949856772, library vhs=0.06053343286414036, card games=0.12526237038499663, 2.5=0.06789050985047351, John Turturro=0.2606167586076272, Edward Norton=0.5529141975174856, John Dahl=0.1141651377329722, watched 2006=0.061105276598972115}
19:44:43.692 DEBUG [main] org.lenskit.inject.RecommenderInstantiator: final graph has 14 nodes
19:44:43.694 INFO [main] org.lenskit.cli.util.RecommenderLoader: built recommender in 1.363 s
19:44:43.702 INFO [main] org.lenskit.cli.commands.Recommend: recommending for 1 users
19:44:43.711 DEBUG [main] org.lenskit.basic.TopNItemRecommender: computing effective candidates for user 320 from 2500 candidates and 62 excluded items
19:44:43.714 DEBUG [main] org.lenskit.basic.TopNItemRecommender: Computing 10 recommendations for user 320 from 2438 candidates
19:44:43.757 INFO [main] org.lenskit.cli.commands.Recommend: recommended for 1 users in 55.46 ms
19:44:43.758 INFO [main] org.lenskit.cli.Main: If you use LensKit in published research, please see http://lenskit.org/research/
